Using pre-set license
Built from '2020.3/staging' branch; Version is '2020.3.5f1 (8095aa901b9b) revision 8426922'; Using compiler version '192528614'; Build Type 'Release'
OS: 'Windows 10 Pro; OS build 19042.1288; Version 2009; 64bit' Language: 'es' Physical Memory: 16264 MB
BatchMode: 1, IsHumanControllingUs: 0, StartBugReporterOnCrash: 0, Is64bit: 1, IsPro: 0

 COMMAND LINE ARGUMENTS:
C:\Program Files\Unity\Hub\Editor\2020.3.5f1\Editor\Unity.exe
-adb2
-batchMode
-noUpm
-name
AssetImportWorker0
-projectPath
E:/unam ilo/7 SEMESTRE/PROGRAMACION DE VIDEOJUEGOS 2/PRACTICAS/UNITY/luces/VRproject2
-logFile
Logs/AssetImportWorker0.log
-srvPort
63299
Successfully changed project path to: E:/unam ilo/7 SEMESTRE/PROGRAMACION DE VIDEOJUEGOS 2/PRACTICAS/UNITY/luces/VRproject2
E:/unam ilo/7 SEMESTRE/PROGRAMACION DE VIDEOJUEGOS 2/PRACTICAS/UNITY/luces/VRproject2
Using Asset Import Pipeline V2.
Refreshing native plugins compatible for Editor in 25.58 ms, found 0 plugins.
Preloading 0 native plugins for Editor in 0.00 ms.
Initialize engine version: 2020.3.5f1 (8095aa901b9b)
[Subsystems] Discovering subsystems at path C:/Program Files/Unity/Hub/Editor/2020.3.5f1/Editor/Data/Resources/UnitySubsystems
[Subsystems] Discovering subsystems at path E:/unam ilo/7 SEMESTRE/PROGRAMACION DE VIDEOJUEGOS 2/PRACTICAS/UNITY/luces/VRproject2/Assets
GfxDevice: creating device client; threaded=0
Direct3D:
    Version:  Direct3D 11.0 [level 11.0]
    Renderer: NVIDIA GeForce MX110 (ID=0x174e)
    Vendor:   
    VRAM:     2010 MB
    Driver:   27.21.14.5749
Initialize mono
Mono path[0] = 'C:/Program Files/Unity/Hub/Editor/2020.3.5f1/Editor/Data/Managed'
Mono path[1] = 'C:/Program Files/Unity/Hub/Editor/2020.3.5f1/Editor/Data/MonoBleedingEdge/lib/mono/unityjit'
Mono config path = 'C:/Program Files/Unity/Hub/Editor/2020.3.5f1/Editor/Data/MonoBleedingEdge/etc'
Using monoOptions --debugger-agent=transport=dt_socket,embedding=1,server=y,suspend=n,address=127.0.0.1:56024
Begin MonoManager ReloadAssembly
Registering precompiled unity dll's ...
Register platform support module: C:/Program Files/Unity/Hub/Editor/2020.3.5f1/Editor/Data/PlaybackEngines/WebGLSupport/UnityEditor.WebGL.Extensions.dll
Register platform support module: C:/Program Files/Unity/Hub/Editor/2020.3.5f1/Editor/Data/PlaybackEngines/WindowsStandaloneSupport/UnityEditor.WindowsStandalone.Extensions.dll
Registered in 0.003240 seconds.
Native extension for WindowsStandalone target not found
Native extension for WebGL target not found
Refreshing native plugins compatible for Editor in 26.14 ms, found 0 plugins.
Preloading 0 native plugins for Editor in 0.00 ms.
Mono: successfully reloaded assembly
- Completed reload, in  2.065 seconds
Platform modules already initialized, skipping
Registering precompiled user dll's ...
Registered in 0.001969 seconds.
Begin MonoManager ReloadAssembly
Native extension for WindowsStandalone target not found
Native extension for WebGL target not found
Refreshing native plugins compatible for Editor in 0.28 ms, found 0 plugins.
Preloading 0 native plugins for Editor in 0.00 ms.
Mono: successfully reloaded assembly
- Completed reload, in  0.925 seconds
Platform modules already initialized, skipping
========================================================================
Worker process is ready to serve import requests
Launched and connected shader compiler UnityShaderCompiler.exe after 0.05 seconds
Refreshing native plugins compatible for Editor in 0.48 ms, found 0 plugins.
Preloading 0 native plugins for Editor in 0.00 ms.
Unloading 1246 Unused Serialized files (Serialized files now loaded: 0)
System memory in use before: 67.7 MB.
System memory in use after: 67.7 MB.

Unloading 15 unused Assets to reduce memory usage. Loaded Objects now: 1694.
Total: 2.447800 ms (FindLiveObjects: 0.387600 ms CreateObjectMapping: 0.343600 ms MarkObjects: 1.593500 ms  DeleteObjects: 0.121400 ms)

========================================================================
Received Import Request.
  path: Assets/Animaciones/Personaje.fbx
  artifactKey: Guid(08a097d9e6e734f42a1574426065f3d0) Importer(815301076,1909f56bfc062723c751e8b465ee728b)
Start importing Assets/Animaciones/Personaje.fbx using Guid(08a097d9e6e734f42a1574426065f3d0) Importer(815301076,1909f56bfc062723c751e8b465ee728b)  -> (artifact id: '7f381c8da5a603f902938c97d8d0497c') in 0.505957 seconds
  Import took 0.538519 seconds .

========================================================================
Received Import Request.
  Time since last request: 0.000360 seconds.
  path: Assets/Animaciones/Pistola_Atras.fbx
  artifactKey: Guid(b197687a93088a740b340dfd1d98ab2e) Importer(815301076,1909f56bfc062723c751e8b465ee728b)
Start importing Assets/Animaciones/Pistola_Atras.fbx using Guid(b197687a93088a740b340dfd1d98ab2e) Importer(815301076,1909f56bfc062723c751e8b465ee728b)  -> (artifact id: '5f5a33b449d1b9697993ae49dee729d0') in 0.219320 seconds
  Import took 0.236696 seconds .

========================================================================
Received Import Request.
  Time since last request: 0.000370 seconds.
  path: Assets/Animaciones/Correr.fbx
  artifactKey: Guid(efd01693fa58a9941a503c85c9006436) Importer(815301076,1909f56bfc062723c751e8b465ee728b)
Start importing Assets/Animaciones/Correr.fbx using Guid(efd01693fa58a9941a503c85c9006436) Importer(815301076,1909f56bfc062723c751e8b465ee728b)  -> (artifact id: '59f8e7f0270af39f0f5186d10291495f') in 0.209633 seconds
  Import took 0.231718 seconds .

========================================================================
Received Import Request.
  Time since last request: 0.000316 seconds.
  path: Assets/Animaciones/Parado.fbx
  artifactKey: Guid(5568be9a8acd3e044acbe9bd204c1959) Importer(815301076,1909f56bfc062723c751e8b465ee728b)
Start importing Assets/Animaciones/Parado.fbx using Guid(5568be9a8acd3e044acbe9bd204c1959) Importer(815301076,1909f56bfc062723c751e8b465ee728b)  -> (artifact id: 'a868ba40a611ba09df16b10084141d8c') in 0.189174 seconds
  Import took 0.225599 seconds .

========================================================================
Received Prepare
Registering precompiled user dll's ...
Registered in 0.004278 seconds.
Begin MonoManager ReloadAssembly
Native extension for WindowsStandalone target not found
Native extension for WebGL target not found
Refreshing native plugins compatible for Editor in 0.74 ms, found 0 plugins.
Preloading 0 native plugins for Editor in 0.00 ms.
Mono: successfully reloaded assembly
- Completed reload, in  2.517 seconds
Platform modules already initialized, skipping
Refreshing native plugins compatible for Editor in 1.12 ms, found 0 plugins.
Preloading 0 native plugins for Editor in 0.00 ms.
Unloading 1241 Unused Serialized files (Serialized files now loaded: 0)
System memory in use before: 84.7 MB.
System memory in use after: 84.7 MB.

Unloading 10 unused Assets to reduce memory usage. Loaded Objects now: 1741.
Total: 9.249200 ms (FindLiveObjects: 0.603900 ms CreateObjectMapping: 0.534000 ms MarkObjects: 7.980400 ms  DeleteObjects: 0.127400 ms)

AssetImportWorkerClient::OnTransportError - code=2 error=End of file
